This is pdfTeX, Version 3.141592653-2.6-1.40.26 (TeX Live 2024/Arch Linux) (preloaded format=pdflatex 2025.2.24)  4 MAR 2025 16:47
entering extended mode
 restricted \write18 enabled.
 %&-line parsing enabled.
**main.tex
(./main.tex
LaTeX2e <2023-11-01> patch level 1
L3 programming layer <2024-02-20>
(/usr/share/texmf-dist/tex/latex/base/article.cls
Document Class: article 2023/05/17 v1.4n Standard LaTeX document class
(/usr/share/texmf-dist/tex/latex/base/size12.clo
File: size12.clo 2023/05/17 v1.4n Standard LaTeX file (size option)
)
\c@part=\count188
\c@section=\count189
\c@subsection=\count190
\c@subsubsection=\count191
\c@paragraph=\count192
\c@subparagraph=\count193
\c@figure=\count194
\c@table=\count195
\abovecaptionskip=\skip48
\belowcaptionskip=\skip49
\bibindent=\dimen140
)
(/usr/share/texmf-dist/tex/latex/amsmath/amsmath.sty
Package: amsmath 2023/05/13 v2.17o AMS math features
\@mathmargin=\skip50

For additional information on amsmath, use the `?' option.
(/usr/share/texmf-dist/tex/latex/amsmath/amstext.sty
Package: amstext 2021/08/26 v2.01 AMS text

(/usr/share/texmf-dist/tex/latex/amsmath/amsgen.sty
File: amsgen.sty 1999/11/30 v2.0 generic functions
\@emptytoks=\toks17
\ex@=\dimen141
))
(/usr/share/texmf-dist/tex/latex/amsmath/amsbsy.sty
Package: amsbsy 1999/11/29 v1.2d Bold Symbols
\pmbraise@=\dimen142
)
(/usr/share/texmf-dist/tex/latex/amsmath/amsopn.sty
Package: amsopn 2022/04/08 v2.04 operator names
)
\inf@bad=\count196
LaTeX Info: Redefining \frac on input line 234.
\uproot@=\count197
\leftroot@=\count198
LaTeX Info: Redefining \overline on input line 399.
LaTeX Info: Redefining \colon on input line 410.
\classnum@=\count199
\DOTSCASE@=\count266
LaTeX Info: Redefining \ldots on input line 496.
LaTeX Info: Redefining \dots on input line 499.
LaTeX Info: Redefining \cdots on input line 620.
\Mathstrutbox@=\box51
\strutbox@=\box52
LaTeX Info: Redefining \big on input line 722.
LaTeX Info: Redefining \Big on input line 723.
LaTeX Info: Redefining \bigg on input line 724.
LaTeX Info: Redefining \Bigg on input line 725.
\big@size=\dimen143
LaTeX Font Info:    Redeclaring font encoding OML on input line 743.
LaTeX Font Info:    Redeclaring font encoding OMS on input line 744.
\macc@depth=\count267
LaTeX Info: Redefining \bmod on input line 905.
LaTeX Info: Redefining \pmod on input line 910.
LaTeX Info: Redefining \smash on input line 940.
LaTeX Info: Redefining \relbar on input line 970.
LaTeX Info: Redefining \Relbar on input line 971.
\c@MaxMatrixCols=\count268
\dotsspace@=\muskip16
\c@parentequation=\count269
\dspbrk@lvl=\count270
\tag@help=\toks18
\row@=\count271
\column@=\count272
\maxfields@=\count273
\andhelp@=\toks19
\eqnshift@=\dimen144
\alignsep@=\dimen145
\tagshift@=\dimen146
\tagwidth@=\dimen147
\totwidth@=\dimen148
\lineht@=\dimen149
\@envbody=\toks20
\multlinegap=\skip51
\multlinetaggap=\skip52
\mathdisplay@stack=\toks21
LaTeX Info: Redefining \[ on input line 2953.
LaTeX Info: Redefining \] on input line 2954.
)
(/usr/share/texmf-dist/tex/latex/amsfonts/amssymb.sty
Package: amssymb 2013/01/14 v3.01 AMS font symbols

(/usr/share/texmf-dist/tex/latex/amsfonts/amsfonts.sty
Package: amsfonts 2013/01/14 v3.01 Basic AMSFonts support
\symAMSa=\mathgroup4
\symAMSb=\mathgroup5
LaTeX Font Info:    Redeclaring math symbol \hbar on input line 98.
LaTeX Font Info:    Overwriting math alphabet `\mathfrak' in version `bold'
(Font)                  U/euf/m/n --> U/euf/b/n on input line 106.
))
(/usr/share/texmf-dist/tex/latex/listings/listings.sty
(/usr/share/texmf-dist/tex/latex/graphics/keyval.sty
Package: keyval 2022/05/29 v1.15 key=value parser (DPC)
\KV@toks@=\toks22
)
\lst@mode=\count274
\lst@gtempboxa=\box53
\lst@token=\toks23
\lst@length=\count275
\lst@currlwidth=\dimen150
\lst@column=\count276
\lst@pos=\count277
\lst@lostspace=\dimen151
\lst@width=\dimen152
\lst@newlines=\count278
\lst@lineno=\count279
\lst@maxwidth=\dimen153

(/usr/share/texmf-dist/tex/latex/listings/lstpatch.sty
File: lstpatch.sty 2024/02/21 1.10 (Carsten Heinz)
)
(/usr/share/texmf-dist/tex/latex/listings/lstmisc.sty
File: lstmisc.sty 2024/02/21 1.10 (Carsten Heinz)
\c@lstnumber=\count280
\lst@skipnumbers=\count281
\lst@framebox=\box54
)
(/usr/share/texmf-dist/tex/latex/listings/listings.cfg
File: listings.cfg 2024/02/21 1.10 listings configuration
))
Package: listings 2024/02/21 1.10 (Carsten Heinz)

(/usr/share/texmf-dist/tex/latex/preprint/fullpage.sty
Package: fullpage 1999/02/23 1.1 (PWD)
\FP@margin=\skip53
)
(/usr/share/texmf-dist/tex/latex/hyperref/hyperref.sty
Package: hyperref 2024-01-20 v7.01h Hypertext links for LaTeX

(/usr/share/texmf-dist/tex/generic/iftex/iftex.sty
Package: iftex 2022/02/03 v1.0f TeX engine tests
)
(/usr/share/texmf-dist/tex/latex/kvsetkeys/kvsetkeys.sty
Package: kvsetkeys 2022-10-05 v1.19 Key value parser (HO)
)
(/usr/share/texmf-dist/tex/generic/kvdefinekeys/kvdefinekeys.sty
Package: kvdefinekeys 2019-12-19 v1.6 Define keys (HO)
)
(/usr/share/texmf-dist/tex/generic/pdfescape/pdfescape.sty
Package: pdfescape 2019/12/09 v1.15 Implements pdfTeX's escape features (HO)

(/usr/share/texmf-dist/tex/generic/ltxcmds/ltxcmds.sty
Package: ltxcmds 2023-12-04 v1.26 LaTeX kernel commands for general use (HO)
)
(/usr/share/texmf-dist/tex/generic/pdftexcmds/pdftexcmds.sty
Package: pdftexcmds 2020-06-27 v0.33 Utility functions of pdfTeX for LuaTeX (HO
)

(/usr/share/texmf-dist/tex/generic/infwarerr/infwarerr.sty
Package: infwarerr 2019/12/03 v1.5 Providing info/warning/error messages (HO)
)
Package pdftexcmds Info: \pdf@primitive is available.
Package pdftexcmds Info: \pdf@ifprimitive is available.
Package pdftexcmds Info: \pdfdraftmode found.
))
(/usr/share/texmf-dist/tex/latex/hycolor/hycolor.sty
Package: hycolor 2020-01-27 v1.10 Color options for hyperref/bookmark (HO)
)
(/usr/share/texmf-dist/tex/latex/auxhook/auxhook.sty
Package: auxhook 2019-12-17 v1.6 Hooks for auxiliary files (HO)
)
(/usr/share/texmf-dist/tex/latex/hyperref/nameref.sty
Package: nameref 2023-11-26 v2.56 Cross-referencing by name of section

(/usr/share/texmf-dist/tex/latex/refcount/refcount.sty
Package: refcount 2019/12/15 v3.6 Data extraction from label references (HO)
)
(/usr/share/texmf-dist/tex/generic/gettitlestring/gettitlestring.sty
Package: gettitlestring 2019/12/15 v1.6 Cleanup title references (HO)

(/usr/share/texmf-dist/tex/latex/kvoptions/kvoptions.sty
Package: kvoptions 2022-06-15 v3.15 Key value format for package options (HO)
))
\c@section@level=\count282
)
(/usr/share/texmf-dist/tex/latex/etoolbox/etoolbox.sty
Package: etoolbox 2020/10/05 v2.5k e-TeX tools for LaTeX (JAW)
\etb@tempcnta=\count283
)
\@linkdim=\dimen154
\Hy@linkcounter=\count284
\Hy@pagecounter=\count285

(/usr/share/texmf-dist/tex/latex/hyperref/pd1enc.def
File: pd1enc.def 2024-01-20 v7.01h Hyperref: PDFDocEncoding definition (HO)
Now handling font encoding PD1 ...
... no UTF-8 mapping file for font encoding PD1
)
(/usr/share/texmf-dist/tex/generic/intcalc/intcalc.sty
Package: intcalc 2019/12/15 v1.3 Expandable calculations with integers (HO)
)
\Hy@SavedSpaceFactor=\count286

(/usr/share/texmf-dist/tex/latex/hyperref/puenc.def
File: puenc.def 2024-01-20 v7.01h Hyperref: PDF Unicode definition (HO)
Now handling font encoding PU ...
... no UTF-8 mapping file for font encoding PU
)
Package hyperref Info: Hyper figures OFF on input line 4179.
Package hyperref Info: Link nesting OFF on input line 4184.
Package hyperref Info: Hyper index ON on input line 4187.
Package hyperref Info: Plain pages OFF on input line 4194.
Package hyperref Info: Backreferencing OFF on input line 4199.
Package hyperref Info: Implicit mode ON; LaTeX internals redefined.
Package hyperref Info: Bookmarks ON on input line 4446.
\c@Hy@tempcnt=\count287

(/usr/share/texmf-dist/tex/latex/url/url.sty
\Urlmuskip=\muskip17
Package: url 2013/09/16  ver 3.4  Verb mode for urls, etc.
)
LaTeX Info: Redefining \url on input line 4784.
\XeTeXLinkMargin=\dimen155

(/usr/share/texmf-dist/tex/generic/bitset/bitset.sty
Package: bitset 2019/12/09 v1.3 Handle bit-vector datatype (HO)

(/usr/share/texmf-dist/tex/generic/bigintcalc/bigintcalc.sty
Package: bigintcalc 2019/12/15 v1.5 Expandable calculations on big integers (HO
)
))
\Fld@menulength=\count288
\Field@Width=\dimen156
\Fld@charsize=\dimen157
Package hyperref Info: Hyper figures OFF on input line 6063.
Package hyperref Info: Link nesting OFF on input line 6068.
Package hyperref Info: Hyper index ON on input line 6071.
Package hyperref Info: backreferencing OFF on input line 6078.
Package hyperref Info: Link coloring OFF on input line 6083.
Package hyperref Info: Link coloring with OCG OFF on input line 6088.
Package hyperref Info: PDF/A mode OFF on input line 6093.

(/usr/share/texmf-dist/tex/latex/base/atbegshi-ltx.sty
Package: atbegshi-ltx 2021/01/10 v1.0c Emulation of the original atbegshi
package with kernel methods
)
\Hy@abspage=\count289
\c@Item=\count290
\c@Hfootnote=\count291
)
Package hyperref Info: Driver (autodetected): hpdftex.

(/usr/share/texmf-dist/tex/latex/hyperref/hpdftex.def
File: hpdftex.def 2024-01-20 v7.01h Hyperref driver for pdfTeX

(/usr/share/texmf-dist/tex/latex/base/atveryend-ltx.sty
Package: atveryend-ltx 2020/08/19 v1.0a Emulation of the original atveryend pac
kage
with kernel methods
)
\Fld@listcount=\count292
\c@bookmark@seq@number=\count293

(/usr/share/texmf-dist/tex/latex/rerunfilecheck/rerunfilecheck.sty
Package: rerunfilecheck 2022-07-10 v1.10 Rerun checks for auxiliary files (HO)

(/usr/share/texmf-dist/tex/generic/uniquecounter/uniquecounter.sty
Package: uniquecounter 2019/12/15 v1.4 Provide unlimited unique counter (HO)
)
Package uniquecounter Info: New unique counter `rerunfilecheck' on input line 2
85.
)
\Hy@SectionHShift=\skip54
)
(/usr/share/texmf-dist/tex/latex/graphics/graphicx.sty
Package: graphicx 2021/09/16 v1.2d Enhanced LaTeX Graphics (DPC,SPQR)

(/usr/share/texmf-dist/tex/latex/graphics/graphics.sty
Package: graphics 2022/03/10 v1.4e Standard LaTeX Graphics (DPC,SPQR)

(/usr/share/texmf-dist/tex/latex/graphics/trig.sty
Package: trig 2021/08/11 v1.11 sin cos tan (DPC)
)
(/usr/share/texmf-dist/tex/latex/graphics-cfg/graphics.cfg
File: graphics.cfg 2016/06/04 v1.11 sample graphics configuration
)
Package graphics Info: Driver file: pdftex.def on input line 107.

(/usr/share/texmf-dist/tex/latex/graphics-def/pdftex.def
File: pdftex.def 2022/09/22 v1.2b Graphics/color driver for pdftex
))
\Gin@req@height=\dimen158
\Gin@req@width=\dimen159
)
(/usr/share/texmf-dist/tex/latex/fancyhdr/fancyhdr.sty
Package: fancyhdr 2022/11/09 v4.1 Extensive control of page headers and footers

\f@nch@headwidth=\skip55
\f@nch@O@elh=\skip56
\f@nch@O@erh=\skip57
\f@nch@O@olh=\skip58
\f@nch@O@orh=\skip59
\f@nch@O@elf=\skip60
\f@nch@O@erf=\skip61
\f@nch@O@olf=\skip62
\f@nch@O@orf=\skip63
)
(/usr/share/texmf-dist/tex/latex/l3backend/l3backend-pdftex.def
File: l3backend-pdftex.def 2024-02-20 L3 backend support: PDF output (pdfTeX)
\l__color_backend_stack_int=\count294
\l__pdf_internal_box=\box55
) (./main.aux)
\openout1 = `main.aux'.

LaTeX Font Info:    Checking defaults for OML/cmm/m/it on input line 15.
LaTeX Font Info:    ... okay on input line 15.
LaTeX Font Info:    Checking defaults for OMS/cmsy/m/n on input line 15.
LaTeX Font Info:    ... okay on input line 15.
LaTeX Font Info:    Checking defaults for OT1/cmr/m/n on input line 15.
LaTeX Font Info:    ... okay on input line 15.
LaTeX Font Info:    Checking defaults for T1/cmr/m/n on input line 15.
LaTeX Font Info:    ... okay on input line 15.
LaTeX Font Info:    Checking defaults for TS1/cmr/m/n on input line 15.
LaTeX Font Info:    ... okay on input line 15.
LaTeX Font Info:    Checking defaults for OMX/cmex/m/n on input line 15.
LaTeX Font Info:    ... okay on input line 15.
LaTeX Font Info:    Checking defaults for U/cmr/m/n on input line 15.
LaTeX Font Info:    ... okay on input line 15.
LaTeX Font Info:    Checking defaults for PD1/pdf/m/n on input line 15.
LaTeX Font Info:    ... okay on input line 15.
LaTeX Font Info:    Checking defaults for PU/pdf/m/n on input line 15.
LaTeX Font Info:    ... okay on input line 15.
\c@lstlisting=\count295
Package hyperref Info: Link coloring OFF on input line 15.

(./main.out) (./main.out)
\@outlinefile=\write3
\openout3 = `main.out'.


(/usr/share/texmf-dist/tex/context/base/mkii/supp-pdf.mkii
[Loading MPS to PDF converter (version 2006.09.02).]
\scratchcounter=\count296
\scratchdimen=\dimen160
\scratchbox=\box56
\nofMPsegments=\count297
\nofMParguments=\count298
\everyMPshowfont=\toks24
\MPscratchCnt=\count299
\MPscratchDim=\dimen161
\MPnumerator=\count300
\makeMPintoPDFobject=\count301
\everyMPtoPDFconversion=\toks25
) (/usr/share/texmf-dist/tex/latex/epstopdf-pkg/epstopdf-base.sty
Package: epstopdf-base 2020-01-24 v2.11 Base part for package epstopdf
Package epstopdf-base Info: Redefining graphics rule for `.eps' on input line 4
85.

(/usr/share/texmf-dist/tex/latex/latexconfig/epstopdf-sys.cfg
File: epstopdf-sys.cfg 2010/07/13 v1.3 Configuration of (r)epstopdf for TeX Liv
e
)) [1

{/var/lib/texmf/fonts/map/pdftex/updmap/pdftex.map}] (./main.toc)
\tf@toc=\write4
\openout4 = `main.toc'.


pdfTeX warning (ext4): destination with the same identifier (name{page.1}) has 
been already used, duplicate ignored
<to be read again> 
                   \relax 
l.30 	\newpage
               [1]
LaTeX Font Info:    Trying to load font information for U+msa on input line 48.

 (/usr/share/texmf-dist/tex/latex/amsfonts/umsa.fd
File: umsa.fd 2013/01/14 v3.01 AMS symbols A
)
LaTeX Font Info:    Trying to load font information for U+msb on input line 48.


(/usr/share/texmf-dist/tex/latex/amsfonts/umsb.fd
File: umsb.fd 2013/01/14 v3.01 AMS symbols B
) [2{/usr/share/texmf-dist/fonts/enc/dvips/cm-super/cm-super-ts1.enc}] [3]
LaTeX Font Info:    Font shape `OT1/cmtt/bx/n' in size <12> not available
(Font)              Font shape `OT1/cmtt/m/n' tried instead on input line 131.
LaTeX Font Info:    Trying to load font information for TS1+cmtt on input line 
134.

(/usr/share/texmf-dist/tex/latex/base/ts1cmtt.fd
File: ts1cmtt.fd 2023/04/13 v2.5m Standard LaTeX font definitions
) [4] [5] [6] [7] [8] [9]
(/usr/share/texmf-dist/tex/latex/listings/lstlang1.sty
File: lstlang1.sty 2024/02/21 1.10 listings language file
)
(/usr/share/texmf-dist/tex/latex/listings/lstmisc.sty
File: lstmisc.sty 2024/02/21 1.10 (Carsten Heinz)
)
Package hyperref Info: bookmark level for unknown lstlisting defaults to 0 on i
nput line 331.
 (./merge_files.c
LaTeX Font Info:    Trying to load font information for OML+cmr on input line 1
.

(/usr/share/texmf-dist/tex/latex/base/omlcmr.fd
File: omlcmr.fd 2023/04/13 v2.5m Standard LaTeX font definitions
)
LaTeX Font Info:    Font shape `OML/cmr/m/n' in size <12> not available
(Font)              Font shape `OML/cmm/m/it' tried instead on input line 1.
LaTeX Font Info:    Trying to load font information for OMS+cmr on input line 4
.

(/usr/share/texmf-dist/tex/latex/base/omscmr.fd
File: omscmr.fd 2023/04/13 v2.5m Standard LaTeX font definitions
)
LaTeX Font Info:    Font shape `OMS/cmr/m/n' in size <12> not available
(Font)              Font shape `OMS/cmsy/m/n' tried instead on input line 4.

Overfull \hbox (73.09404pt too wide) in paragraph at lines 7--8
[][][][][][][][][][][][][][][][][][][][][][][][][][][][][][] 
 []


Overfull \hbox (16.69414pt too wide) in paragraph at lines 30--31
[][][][][][][][][][][][][][][][][][][][][][][][][][][][][][] 
 []

[10]
Overfull \hbox (23.74413pt too wide) in paragraph at lines 52--54
[][][][][][][][][][][][][][][][][][][][][][][][][][][][][][][][][][] 
 []

) [11]
Overfull \hbox (5.72021pt too wide) in paragraph at lines 607--607
[] \OT1/cmtt/m/n/12 execve("./merge_files", ["./merge_files"], 0x7ffd227a0cc0 /
* 44 vars */) = 0[] 
 []


Overfull \hbox (24.24522pt too wide) in paragraph at lines 607--607
[] \OT1/cmtt/m/n/12 access("/etc/ld.so.preload", R_OK)      = -1 ENOENT (No suc
h file or directory)[] 
 []


Overfull \hbox (85.99525pt too wide) in paragraph at lines 607--607
[] \OT1/cmtt/m/n/12 mmap(NULL, 8192, PROT_READ|PROT_WRITE, MAP_PRIVATE|MAP_ANON
YMOUS, -1, 0) = 0x708c4e427000[] 
 []


Overfull \hbox (73.64525pt too wide) in paragraph at lines 607--607
[] \OT1/cmtt/m/n/12 read(3, "\177ELF\2\1\1\0\0\0\0\0\0\0\0\0\3\0>\0\1\0\0\0\0\0
\0\0\0\0\0\0"..., 832) = 832[] 
 []


Overfull \hbox (30.42023pt too wide) in paragraph at lines 607--607
[] \OT1/cmtt/m/n/12 mmap(NULL, 7558504, PROT_READ, MAP_PRIVATE|MAP_DENYWRITE, 3
, 0) = 0x708c4dc00000[] 
 []


Overfull \hbox (252.72034pt too wide) in paragraph at lines 607--607
[] \OT1/cmtt/m/n/12 mmap(0x708c4dc32000, 1605632, PROT_READ|PROT_EXEC, MAP_PRIV
ATE|MAP_FIXED|MAP_DENYWRITE, 3, 0x32000) = 0x708c4dc32000[] 
 []


Overfull \hbox (190.9703pt too wide) in paragraph at lines 607--607
[] \OT1/cmtt/m/n/12 mmap(0x708c4ddba000, 262144, PROT_READ, MAP_PRIVATE|MAP_FIX
ED|MAP_DENYWRITE, 3, 0x1ba000) = 0x708c4ddba000[] 
 []


Overfull \hbox (252.72034pt too wide) in paragraph at lines 607--607
[] \OT1/cmtt/m/n/12 mmap(0x708c4ddfa000, 32768, PROT_READ|PROT_WRITE, MAP_PRIVA
TE|MAP_FIXED|MAP_DENYWRITE, 3, 0x1f9000) = 0x708c4ddfa000[] 
 []


Overfull \hbox (228.02032pt too wide) in paragraph at lines 607--607
[] \OT1/cmtt/m/n/12 mmap(0x708c4de02000, 5453160, PROT_READ|PROT_WRITE, MAP_PRI
VATE|MAP_FIXED|MAP_ANONYMOUS, -1, 0) = 0x708c4de02000[] 
 []


Overfull \hbox (61.29524pt too wide) in paragraph at lines 607--607
[] \OT1/cmtt/m/n/12 read(3, "\177ELF\2\1\1\3\0\0\0\0\0\0\0\0\3\0>\0\1\0\0\0Pz\2
\0\0\0\0\0"..., 832) = 832[] 
 []


Overfull \hbox (110.69527pt too wide) in paragraph at lines 607--607
[] \OT1/cmtt/m/n/12 pread64(3, "\6\0\0\0\4\0\0\0@\0\0\0\0\0\0\0@\0\0\0\0\0\0\0@
\0\0\0\0\0\0\0"..., 840, 64) = 840[] 
 []


Overfull \hbox (110.69527pt too wide) in paragraph at lines 607--607
[] \OT1/cmtt/m/n/12 pread64(3, "\6\0\0\0\4\0\0\0@\0\0\0\0\0\0\0@\0\0\0\0\0\0\0@
\0\0\0\0\0\0\0"..., 840, 64) = 840[] 
 []


Overfull \hbox (30.42023pt too wide) in paragraph at lines 607--607
[] \OT1/cmtt/m/n/12 mmap(NULL, 2047160, PROT_READ, MAP_PRIVATE|MAP_DENYWRITE, 3
, 0) = 0x708c4da0c000[] 
 []


Overfull \hbox (252.72034pt too wide) in paragraph at lines 607--607
[] \OT1/cmtt/m/n/12 mmap(0x708c4da30000, 1503232, PROT_READ|PROT_EXEC, MAP_PRIV
ATE|MAP_FIXED|MAP_DENYWRITE, 3, 0x24000) = 0x708c4da30000[] 
 []


Overfull \hbox (190.9703pt too wide) in paragraph at lines 607--607
[] \OT1/cmtt/m/n/12 mmap(0x708c4db9f000, 339968, PROT_READ, MAP_PRIVATE|MAP_FIX
ED|MAP_DENYWRITE, 3, 0x193000) = 0x708c4db9f000[] 
 []


Overfull \hbox (252.72034pt too wide) in paragraph at lines 607--607
[] \OT1/cmtt/m/n/12 mmap(0x708c4dbf2000, 24576, PROT_READ|PROT_WRITE, MAP_PRIVA
TE|MAP_FIXED|MAP_DENYWRITE, 3, 0x1e5000) = 0x708c4dbf2000[] 
 []


Overfull \hbox (215.67032pt too wide) in paragraph at lines 607--607
[] \OT1/cmtt/m/n/12 mmap(0x708c4dbf8000, 31928, PROT_READ|PROT_WRITE, MAP_PRIVA
TE|MAP_FIXED|MAP_ANONYMOUS, -1, 0) = 0x708c4dbf8000[] 
 []


Overfull \hbox (357.69539pt too wide) in paragraph at lines 607--607
[] \OT1/cmtt/m/n/12 openat(AT_FDCWD, "/usr/lib/../lib/glibc-hwcaps/x86-64-v4/li
bstdc++.so.6", O_RDONLY|O_CLOEXEC) = -1 ENOENT (No such file or directory)[] 
 []


Overfull \hbox (289.77036pt too wide) in paragraph at lines 607--607
[] \OT1/cmtt/m/n/12 newfstatat(AT_FDCWD, "/usr/lib/../lib/glibc-hwcaps/x86-64-v
4/", 0x7ffee2380810, 0) = -1 ENOENT (No such file or directory)[] 
 []


Overfull \hbox (357.69539pt too wide) in paragraph at lines 607--607
[] \OT1/cmtt/m/n/12 openat(AT_FDCWD, "/usr/lib/../lib/glibc-hwcaps/x86-64-v3/li
bstdc++.so.6", O_RDONLY|O_CLOEXEC) = -1 ENOENT (No such file or directory)[] 
 []


Overfull \hbox (289.77036pt too wide) in paragraph at lines 607--607
[] \OT1/cmtt/m/n/12 newfstatat(AT_FDCWD, "/usr/lib/../lib/glibc-hwcaps/x86-64-v
3/", 0x7ffee2380810, 0) = -1 ENOENT (No such file or directory)[] 
 []


Overfull \hbox (357.69539pt too wide) in paragraph at lines 607--607
[] \OT1/cmtt/m/n/12 openat(AT_FDCWD, "/usr/lib/../lib/glibc-hwcaps/x86-64-v2/li
bstdc++.so.6", O_RDONLY|O_CLOEXEC) = -1 ENOENT (No such file or directory)[] 
 []


Overfull \hbox (289.77036pt too wide) in paragraph at lines 607--607
[] \OT1/cmtt/m/n/12 newfstatat(AT_FDCWD, "/usr/lib/../lib/glibc-hwcaps/x86-64-v
2/", 0x7ffee2380810, 0) = -1 ENOENT (No such file or directory)[] 
 []

[12]
Overfull \hbox (73.64525pt too wide) in paragraph at lines 607--607
[] \OT1/cmtt/m/n/12 read(3, "\177ELF\2\1\1\3\0\0\0\0\0\0\0\0\3\0>\0\1\0\0\0\0\0
\0\0\0\0\0\0"..., 832) = 832[] 
 []


Overfull \hbox (30.42023pt too wide) in paragraph at lines 607--607
[] \OT1/cmtt/m/n/12 mmap(NULL, 2928768, PROT_READ, MAP_PRIVATE|MAP_DENYWRITE, 3
, 0) = 0x708c4d600000[] 
 []


Overfull \hbox (252.72034pt too wide) in paragraph at lines 607--607
[] \OT1/cmtt/m/n/12 mmap(0x708c4d694000, 1638400, PROT_READ|PROT_EXEC, MAP_PRIV
ATE|MAP_FIXED|MAP_DENYWRITE, 3, 0x94000) = 0x708c4d694000[] 
 []


Overfull \hbox (190.9703pt too wide) in paragraph at lines 607--607
[] \OT1/cmtt/m/n/12 mmap(0x708c4d824000, 614400, PROT_READ, MAP_PRIVATE|MAP_FIX
ED|MAP_DENYWRITE, 3, 0x224000) = 0x708c4d824000[] 
 []


Overfull \hbox (252.72034pt too wide) in paragraph at lines 607--607
[] \OT1/cmtt/m/n/12 mmap(0x708c4d8ba000, 57344, PROT_READ|PROT_WRITE, MAP_PRIVA
TE|MAP_FIXED|MAP_DENYWRITE, 3, 0x2ba000) = 0x708c4d8ba000[] 
 []


Overfull \hbox (215.67032pt too wide) in paragraph at lines 607--607
[] \OT1/cmtt/m/n/12 mmap(0x708c4d8c8000, 12416, PROT_READ|PROT_WRITE, MAP_PRIVA
TE|MAP_FIXED|MAP_ANONYMOUS, -1, 0) = 0x708c4d8c8000[] 
 []


Overfull \hbox (73.64525pt too wide) in paragraph at lines 607--607
[] \OT1/cmtt/m/n/12 read(3, "\177ELF\2\1\1\3\0\0\0\0\0\0\0\0\3\0>\0\1\0\0\0\0\0
\0\0\0\0\0\0"..., 832) = 832[] 
 []


Overfull \hbox (24.24522pt too wide) in paragraph at lines 607--607
[] \OT1/cmtt/m/n/12 mmap(NULL, 856392, PROT_READ, MAP_PRIVATE|MAP_DENYWRITE, 3,
 0) = 0x708c4e355000[] 
 []


Overfull \hbox (240.37033pt too wide) in paragraph at lines 607--607
[] \OT1/cmtt/m/n/12 mmap(0x708c4e364000, 544768, PROT_READ|PROT_EXEC, MAP_PRIVA
TE|MAP_FIXED|MAP_DENYWRITE, 3, 0xf000) = 0x708c4e364000[] 
 []


Overfull \hbox (184.7953pt too wide) in paragraph at lines 607--607
[] \OT1/cmtt/m/n/12 mmap(0x708c4e3e9000, 245760, PROT_READ, MAP_PRIVATE|MAP_FIX
ED|MAP_DENYWRITE, 3, 0x94000) = 0x708c4e3e9000[] 
 []


Overfull \hbox (240.37033pt too wide) in paragraph at lines 607--607
[] \OT1/cmtt/m/n/12 mmap(0x708c4e425000, 8192, PROT_READ|PROT_WRITE, MAP_PRIVAT
E|MAP_FIXED|MAP_DENYWRITE, 3, 0xcf000) = 0x708c4e425000[] 
 []


Overfull \hbox (73.64525pt too wide) in paragraph at lines 607--607
[] \OT1/cmtt/m/n/12 read(3, "\177ELF\2\1\1\0\0\0\0\0\0\0\0\0\3\0>\0\1\0\0\0\0\0
\0\0\0\0\0\0"..., 832) = 832[] 
 []


Overfull \hbox (24.24522pt too wide) in paragraph at lines 607--607
[] \OT1/cmtt/m/n/12 mmap(NULL, 205288, PROT_READ, MAP_PRIVATE|MAP_DENYWRITE, 3,
 0) = 0x708c4d9d9000[] 
 []


Overfull \hbox (240.37033pt too wide) in paragraph at lines 607--607
[] \OT1/cmtt/m/n/12 mmap(0x708c4d9dd000, 167936, PROT_READ|PROT_EXEC, MAP_PRIVA
TE|MAP_FIXED|MAP_DENYWRITE, 3, 0x4000) = 0x708c4d9dd000[] 
 []


Overfull \hbox (178.6203pt too wide) in paragraph at lines 607--607
[] \OT1/cmtt/m/n/12 mmap(0x708c4da06000, 16384, PROT_READ, MAP_PRIVATE|MAP_FIXE
D|MAP_DENYWRITE, 3, 0x2d000) = 0x708c4da06000[] 
 []


Overfull \hbox (240.37033pt too wide) in paragraph at lines 607--607
[] \OT1/cmtt/m/n/12 mmap(0x708c4da0a000, 8192, PROT_READ|PROT_WRITE, MAP_PRIVAT
E|MAP_FIXED|MAP_DENYWRITE, 3, 0x31000) = 0x708c4da0a000[] 
 []


Overfull \hbox (85.99525pt too wide) in paragraph at lines 607--607
[] \OT1/cmtt/m/n/12 mmap(NULL, 8192, PROT_READ|PROT_WRITE, MAP_PRIVATE|MAP_ANON
YMOUS, -1, 0) = 0x708c4e353000[] 
 []


Overfull \hbox (92.17026pt too wide) in paragraph at lines 607--607
[] \OT1/cmtt/m/n/12 mmap(NULL, 12288, PROT_READ|PROT_WRITE, MAP_PRIVATE|MAP_ANO
NYMOUS, -1, 0) = 0x708c4e350000[] 
 []


Overfull \hbox (61.29524pt too wide) in paragraph at lines 607--607
[] \OT1/cmtt/m/n/12 prlimit64(0, RLIMIT_STACK, NULL, {rlim_cur=16384*1024, rlim
_max=RLIM64_INFINITY}) = 0[] 
 []


Overfull \hbox (79.82025pt too wide) in paragraph at lines 607--607
[] \OT1/cmtt/m/n/12 readlinkat(AT_FDCWD, "/proc/self/exe", "/home/adilh/latex-n
otes-hw/comp_"..., 4096) = 55[] 
 []


Overfull \hbox (85.99525pt too wide) in paragraph at lines 607--607
[] \OT1/cmtt/m/n/12 mmap(NULL, 4096, PROT_READ|PROT_WRITE, MAP_PRIVATE|MAP_ANON
YMOUS, -1, 0) = 0x708c4e468000[] 
 []

[13]
Overfull \hbox (85.99525pt too wide) in paragraph at lines 607--607
[] \OT1/cmtt/m/n/12 mmap(NULL, 4096, PROT_READ|PROT_WRITE, MAP_PRIVATE|MAP_ANON
YMOUS, -1, 0) = 0x708c4e468000[] 
 []


Overfull \hbox (92.17026pt too wide) in paragraph at lines 607--607
[] \OT1/cmtt/m/n/12 mmap(NULL, 65536, PROT_READ|PROT_WRITE, MAP_PRIVATE|MAP_ANO
NYMOUS, -1, 0) = 0x708c4e458000[] 
 []


Overfull \hbox (104.52026pt too wide) in paragraph at lines 607--607
[] \OT1/cmtt/m/n/12 mmap(NULL, 3727360, PROT_READ|PROT_WRITE, MAP_PRIVATE|MAP_A
NONYMOUS, -1, 0) = 0x708c4d272000[] 
 []


Overfull \hbox (104.52026pt too wide) in paragraph at lines 607--607
[] \OT1/cmtt/m/n/12 mmap(NULL, 2097152, PROT_READ|PROT_WRITE, MAP_PRIVATE|MAP_A
NONYMOUS, -1, 0) = 0x708c4d000000[] 
 []


Overfull \hbox (85.99525pt too wide) in paragraph at lines 607--607
[] \OT1/cmtt/m/n/12 mmap(NULL, 4096, PROT_READ|PROT_WRITE, MAP_PRIVATE|MAP_ANON
YMOUS, -1, 0) = 0x708c4e457000[] 
 []


Overfull \hbox (104.52026pt too wide) in paragraph at lines 607--607
[] \OT1/cmtt/m/n/12 mmap(NULL, 2097152, PROT_READ|PROT_WRITE, MAP_PRIVATE|MAP_A
NONYMOUS, -1, 0) = 0x708c4ce00000[] 
 []


Overfull \hbox (85.99525pt too wide) in paragraph at lines 607--607
[] \OT1/cmtt/m/n/12 mmap(NULL, 4096, PROT_READ|PROT_WRITE, MAP_PRIVATE|MAP_ANON
YMOUS, -1, 0) = 0x708c4e456000[] 
 []


Overfull \hbox (104.52026pt too wide) in paragraph at lines 607--607
[] \OT1/cmtt/m/n/12 mmap(NULL, 2097152, PROT_READ|PROT_WRITE, MAP_PRIVATE|MAP_A
NONYMOUS, -1, 0) = 0x708c4cc00000[] 
 []


Overfull \hbox (104.52026pt too wide) in paragraph at lines 607--607
[] \OT1/cmtt/m/n/12 mmap(NULL, 2097152, PROT_READ|PROT_WRITE, MAP_PRIVATE|MAP_A
NONYMOUS, -1, 0) = 0x708c4ca00000[] 
 []


Overfull \hbox (104.52026pt too wide) in paragraph at lines 607--607
[] \OT1/cmtt/m/n/12 mmap(NULL, 2097152, PROT_READ|PROT_WRITE, MAP_PRIVATE|MAP_A
NONYMOUS, -1, 0) = 0x708c4c800000[] 
 []


Overfull \hbox (85.99525pt too wide) in paragraph at lines 607--607
[] \OT1/cmtt/m/n/12 mmap(NULL, 4096, PROT_READ|PROT_WRITE, MAP_PRIVATE|MAP_ANON
YMOUS, -1, 0) = 0x708c4e455000[] 
 []


Overfull \hbox (85.99525pt too wide) in paragraph at lines 607--607
[] \OT1/cmtt/m/n/12 prlimit64(0, RLIMIT_CORE, NULL, {rlim_cur=RLIM64_INFINITY, 
rlim_max=RLIM64_INFINITY}) = 0[] 
 []


Overfull \hbox (85.99525pt too wide) in paragraph at lines 607--607
[] \OT1/cmtt/m/n/12 mmap(NULL, 4096, PROT_READ|PROT_WRITE, MAP_PRIVATE|MAP_ANON
YMOUS, -1, 0) = 0x708c4e454000[] 
 []


Overfull \hbox (85.99525pt too wide) in paragraph at lines 607--607
[] \OT1/cmtt/m/n/12 mmap(NULL, 8192, PROT_READ|PROT_WRITE, MAP_PRIVATE|MAP_ANON
YMOUS, -1, 0) = 0x708c4e453000[] 
 []


Overfull \hbox (85.99525pt too wide) in paragraph at lines 607--607
[] \OT1/cmtt/m/n/12 mmap(NULL, 4096, PROT_READ|PROT_WRITE, MAP_PRIVATE|MAP_ANON
YMOUS, -1, 0) = 0x708c4e452000[] 
 []

[14]
Overfull \hbox (85.99525pt too wide) in paragraph at lines 607--607
[] \OT1/cmtt/m/n/12 mmap(NULL, 8192, PROT_READ|PROT_WRITE, MAP_PRIVATE|MAP_ANON
YMOUS, -1, 0) = 0x708c4e451000[] 
 []


Overfull \hbox (277.42035pt too wide) in paragraph at lines 607--607
[] \OT1/cmtt/m/n/12 mmap(0x7fff7000, 268435456, PROT_READ|PROT_WRITE, MAP_PRIVA
TE|MAP_FIXED|MAP_ANONYMOUS|MAP_NORESERVE, -1, 0) = 0x7fff7000[] 
 []


Overfull \hbox (345.34538pt too wide) in paragraph at lines 607--607
[] \OT1/cmtt/m/n/12 mmap(0x2008fff7000, 15392894357504, PROT_READ|PROT_WRITE, M
AP_PRIVATE|MAP_FIXED|MAP_ANONYMOUS|MAP_NORESERVE, -1, 0) = 0x2008fff7000[] 
 []


Overfull \hbox (234.19533pt too wide) in paragraph at lines 607--607
[] \OT1/cmtt/m/n/12 mmap(0x8fff7000, 2199023255552, PROT_NONE, MAP_PRIVATE|MAP_
FIXED|MAP_ANONYMOUS|MAP_NORESERVE, -1, 0) = 0x8fff7000[] 
 []


Overfull \hbox (92.17026pt too wide) in paragraph at lines 607--607
[] \OT1/cmtt/m/n/12 mmap(NULL, 57344, PROT_READ|PROT_WRITE, MAP_PRIVATE|MAP_ANO
NYMOUS, -1, 0) = 0x708c4e445000[] 
 []


Overfull \hbox (512.07047pt too wide) in paragraph at lines 607--607
[] \OT1/cmtt/m/n/12 rt_sigaction(SIGSEGV, {sa_handler=0x708c4dd4b890, sa_mask=[
], sa_flags=SA_RESTORER|SA_ONSTACK|SA_NODEFER|SA_SIGINFO, sa_restorer=0x708c4da
4ea20}, NULL, 8) = 0[] 
 []


Overfull \hbox (505.89546pt too wide) in paragraph at lines 607--607
[] \OT1/cmtt/m/n/12 rt_sigaction(SIGBUS, {sa_handler=0x708c4dd4b890, sa_mask=[]
, sa_flags=SA_RESTORER|SA_ONSTACK|SA_NODEFER|SA_SIGINFO, sa_restorer=0x708c4da4
ea20}, NULL, 8) = 0[] 
 []


Overfull \hbox (505.89546pt too wide) in paragraph at lines 607--607
[] \OT1/cmtt/m/n/12 rt_sigaction(SIGFPE, {sa_handler=0x708c4dd4b890, sa_mask=[]
, sa_flags=SA_RESTORER|SA_ONSTACK|SA_NODEFER|SA_SIGINFO, sa_restorer=0x708c4da4
ea20}, NULL, 8) = 0[] 
 []


Overfull \hbox (283.59535pt too wide) in paragraph at lines 607--607
[] \OT1/cmtt/m/n/12 mmap(0x500000000000, 4398046519296, PROT_NONE, MAP_PRIVATE|
MAP_FIXED|MAP_ANONYMOUS|MAP_NORESERVE, -1, 0) = 0x500000000000[] 
 []


Overfull \hbox (209.49532pt too wide) in paragraph at lines 607--607
[] \OT1/cmtt/m/n/12 mmap(0x540000000000, 8192, PROT_READ|PROT_WRITE, MAP_PRIVAT
E|MAP_FIXED|MAP_ANONYMOUS, -1, 0) = 0x540000000000[] 
 []


Overfull \hbox (123.04527pt too wide) in paragraph at lines 607--607
[] \OT1/cmtt/m/n/12 mmap(NULL, 8388608, PROT_NONE, MAP_PRIVATE|MAP_ANONYMOUS|MA
P_NORESERVE, -1, 0) = 0x708c4c000000[] 
 []


Overfull \hbox (92.17026pt too wide) in paragraph at lines 607--607
[] \OT1/cmtt/m/n/12 mmap(NULL, 57344, PROT_READ|PROT_WRITE, MAP_PRIVATE|MAP_ANO
NYMOUS, -1, 0) = 0x708c4e437000[] 
 []


Overfull \hbox (85.99525pt too wide) in paragraph at lines 607--607
[] \OT1/cmtt/m/n/12 mmap(NULL, 4096, PROT_READ|PROT_WRITE, MAP_PRIVATE|MAP_ANON
YMOUS, -1, 0) = 0x708c4e436000[] 
 []


Overfull \hbox (61.29524pt too wide) in paragraph at lines 607--607
[] \OT1/cmtt/m/n/12 prlimit64(0, RLIMIT_STACK, NULL, {rlim_cur=16384*1024, rlim
_max=RLIM64_INFINITY}) = 0[] 
 []


Overfull \hbox (85.99525pt too wide) in paragraph at lines 607--607
[] \OT1/cmtt/m/n/12 mmap(NULL, 4096, PROT_READ|PROT_WRITE, MAP_PRIVATE|MAP_ANON
YMOUS, -1, 0) = 0x708c4e435000[] 
 []


Overfull \hbox (85.99525pt too wide) in paragraph at lines 607--607
[] \OT1/cmtt/m/n/12 mmap(NULL, 8192, PROT_READ|PROT_WRITE, MAP_PRIVATE|MAP_ANON
YMOUS, -1, 0) = 0x708c4e434000[] 
 []

[15]
Overfull \hbox (85.99525pt too wide) in paragraph at lines 607--607
[] \OT1/cmtt/m/n/12 mmap(NULL, 4096, PROT_READ|PROT_WRITE, MAP_PRIVATE|MAP_ANON
YMOUS, -1, 0) = 0x708c4e454000[] 
 []


Overfull \hbox (85.99525pt too wide) in paragraph at lines 607--607
[] \OT1/cmtt/m/n/12 mmap(NULL, 8192, PROT_READ|PROT_WRITE, MAP_PRIVATE|MAP_ANON
YMOUS, -1, 0) = 0x708c4e453000[] 
 []


Overfull \hbox (314.47037pt too wide) in paragraph at lines 607--607
[] \OT1/cmtt/m/n/12 mmap(0x10005c269000, 2093056, PROT_READ|PROT_WRITE, MAP_PRI
VATE|MAP_FIXED|MAP_ANONYMOUS|MAP_NORESERVE, -1, 0) = 0x10005c269000[] 
 []


Overfull \hbox (110.69527pt too wide) in paragraph at lines 607--607
[] \OT1/cmtt/m/n/12 mmap(NULL, 11571200, PROT_READ|PROT_WRITE, MAP_PRIVATE|MAP_
ANONYMOUS, -1, 0) = 0x708c4b4f7000[] 
 []


Overfull \hbox (85.99525pt too wide) in paragraph at lines 607--607
[] \OT1/cmtt/m/n/12 mmap(NULL, 4096, PROT_READ|PROT_WRITE, MAP_PRIVATE|MAP_ANON
YMOUS, -1, 0) = 0x708c4e454000[] 
 []


Overfull \hbox (104.52026pt too wide) in paragraph at lines 607--607
[] \OT1/cmtt/m/n/12 mmap(NULL, 1703936, PROT_READ|PROT_WRITE, MAP_PRIVATE|MAP_A
NONYMOUS, -1, 0) = 0x708c4b357000[] 
 []


Overfull \hbox (85.99525pt too wide) in paragraph at lines 607--607
[] \OT1/cmtt/m/n/12 mmap(NULL, 4096, PROT_READ|PROT_WRITE, MAP_PRIVATE|MAP_ANON
YMOUS, -1, 0) = 0x708c4e453000[] 
 []


Overfull \hbox (104.52026pt too wide) in paragraph at lines 607--607
[] \OT1/cmtt/m/n/12 mmap(NULL, 2097152, PROT_READ|PROT_WRITE, MAP_PRIVATE|MAP_A
NONYMOUS, -1, 0) = 0x708c4b000000[] 
 []


Overfull \hbox (104.52026pt too wide) in paragraph at lines 607--607
[] \OT1/cmtt/m/n/12 mmap(NULL, 2097152, PROT_READ|PROT_WRITE, MAP_PRIVATE|MAP_A
NONYMOUS, -1, 0) = 0x708c4ae00000[] 
 []


Overfull \hbox (85.99525pt too wide) in paragraph at lines 607--607
[] \OT1/cmtt/m/n/12 mmap(NULL, 4096, PROT_READ|PROT_WRITE, MAP_PRIVATE|MAP_ANON
YMOUS, -1, 0) = 0x708c4e453000[] 
 []


Overfull \hbox (92.17026pt too wide) in paragraph at lines 607--607
[] \OT1/cmtt/m/n/12 mmap(NULL, 65536, PROT_READ|PROT_WRITE, MAP_PRIVATE|MAP_ANO
NYMOUS, -1, 0) = 0x708c4e340000[] 
 []


Overfull \hbox (85.99525pt too wide) in paragraph at lines 607--607
[] \OT1/cmtt/m/n/12 mmap(NULL, 8192, PROT_READ|PROT_WRITE, MAP_PRIVATE|MAP_ANON
YMOUS, -1, 0) = 0x708c4e432000[] 
 []


Overfull \hbox (215.67032pt too wide) in paragraph at lines 607--607
[] \OT1/cmtt/m/n/12 mmap(0x506000000000, 65536, PROT_READ|PROT_WRITE, MAP_PRIVA
TE|MAP_FIXED|MAP_ANONYMOUS, -1, 0) = 0x506000000000[] 
 []


Overfull \hbox (215.67032pt too wide) in paragraph at lines 607--607
[] \OT1/cmtt/m/n/12 mmap(0x506e00000000, 65536, PROT_READ|PROT_WRITE, MAP_PRIVA
TE|MAP_FIXED|MAP_ANONYMOUS, -1, 0) = 0x506e00000000[] 
 []


Overfull \hbox (104.52026pt too wide) in paragraph at lines 607--607
[] \OT1/cmtt/m/n/12 mmap(NULL, 1048576, PROT_READ|PROT_WRITE, MAP_PRIVATE|MAP_A
NONYMOUS, -1, 0) = 0x708c4d8d9000[] 
 []


Overfull \hbox (190.9703pt too wide) in paragraph at lines 607--607
[] \OT1/cmtt/m/n/12 mmap(NULL, 8388608, PROT_READ|PROT_WRITE, MAP_PRIVATE|MAP_A
NONYMOUS|MAP_NORESERVE, -1, 0) = 0x708c4a600000[] 
 []


Overfull \hbox (215.67032pt too wide) in paragraph at lines 607--607
[] \OT1/cmtt/m/n/12 mmap(0x503000000000, 65536, PROT_READ|PROT_WRITE, MAP_PRIVA
TE|MAP_FIXED|MAP_ANONYMOUS, -1, 0) = 0x503000000000[] 
 []


Overfull \hbox (215.67032pt too wide) in paragraph at lines 607--607
[] \OT1/cmtt/m/n/12 mmap(0x503e00000000, 65536, PROT_READ|PROT_WRITE, MAP_PRIVA
TE|MAP_FIXED|MAP_ANONYMOUS, -1, 0) = 0x503e00000000[] 
 []


Overfull \hbox (221.84532pt too wide) in paragraph at lines 607--607
[] \OT1/cmtt/m/n/12 mmap(0x531000000000, 131072, PROT_READ|PROT_WRITE, MAP_PRIV
ATE|MAP_FIXED|MAP_ANONYMOUS, -1, 0) = 0x531000000000[] 
 []


Overfull \hbox (215.67032pt too wide) in paragraph at lines 607--607
[] \OT1/cmtt/m/n/12 mmap(0x531e00000000, 65536, PROT_READ|PROT_WRITE, MAP_PRIVA
TE|MAP_FIXED|MAP_ANONYMOUS, -1, 0) = 0x531e00000000[] 
 []


Overfull \hbox (85.99525pt too wide) in paragraph at lines 607--607
[] \OT1/cmtt/m/n/12 mmap(NULL, 4096, PROT_READ|PROT_WRITE, MAP_PRIVATE|MAP_ANON
YMOUS, -1, 0) = 0x708c4e431000[] 
 []

[16]
Overfull \hbox (215.67032pt too wide) in paragraph at lines 607--607
[] \OT1/cmtt/m/n/12 mmap(0x519000000000, 65536, PROT_READ|PROT_WRITE, MAP_PRIVA
TE|MAP_FIXED|MAP_ANONYMOUS, -1, 0) = 0x519000000000[] 
 []


Overfull \hbox (215.67032pt too wide) in paragraph at lines 607--607
[] \OT1/cmtt/m/n/12 mmap(0x519e00000000, 65536, PROT_READ|PROT_WRITE, MAP_PRIVA
TE|MAP_FIXED|MAP_ANONYMOUS, -1, 0) = 0x519e00000000[] 
 []


Overfull \hbox (289.77036pt too wide) in paragraph at lines 607--607
[] \OT1/cmtt/m/n/12 write(1, "Usage: ./merge_files file_in_1 f"..., 73Usage: ./
merge_files file_in_1 file_in_2 [file_out (default:myfile.out)][] 
 []


Overfull \hbox (104.52026pt too wide) in paragraph at lines 607--607
[] \OT1/cmtt/m/n/12 mmap(NULL, 2101248, PROT_READ|PROT_WRITE, MAP_PRIVATE|MAP_A
NONYMOUS, -1, 0) = 0x708c4b156000[] 
 []


Overfull \hbox (110.69527pt too wide) in paragraph at lines 607--607
[] \OT1/cmtt/m/n/12 clone(child_stack=0x708c4b356ff0, flags=CLONE_VM|CLONE_FS|C
LONE_FILES|CLONE_UNTRACED) = 11014[] 
 []


Overfull \hbox (172.4453pt too wide) in paragraph at lines 607--607
[] \OT1/cmtt/m/n/12 write(2, "==11013==LeakSanitizer has encou"..., 54==11013==
LeakSanitizer has encountered a fatal error.[] 
 []


Overfull \hbox (92.17026pt too wide) in paragraph at lines 607--607
[] \OT1/cmtt/m/n/12 mmap(NULL, 65536, PROT_READ|PROT_WRITE, MAP_PRIVATE|MAP_ANO
NYMOUS, -1, 0) = 0x708c4d262000[] 
 []


Overfull \hbox (475.02045pt too wide) in paragraph at lines 607--607
[] \OT1/cmtt/m/n/12 write(2, "==11013==HINT: For debugging, tr"..., 102==11013=
=HINT: For debugging, try setting environment variable LSAN_OPTIONS=verbosity=1
:log_threads=1[] 
 []


Overfull \hbox (302.12036pt too wide) in paragraph at lines 607--607
[] \OT1/cmtt/m/n/12 write(2, "==11013==HINT: LeakSanitizer doe"..., 75==11013==
HINT: LeakSanitizer does not work under ptrace (strace, gdb, etc)[] 
 []

[17]
LaTeX Font Info:    Font shape `OT1/cmtt/bx/n' in size <14.4> not available
(Font)              Font shape `OT1/cmtt/m/n' tried instead on input line 623.
 (/usr/share/texmf-dist/tex/latex/listings/lstlang1.sty
File: lstlang1.sty 2024/02/21 1.10 listings language file
)
(/usr/share/texmf-dist/tex/latex/listings/lstlang1.sty
File: lstlang1.sty 2024/02/21 1.10 listings language file
) (./line_counter.sh
Overfull \hbox (16.69414pt too wide) in paragraph at lines 21--22
[][][][][][][][][][][][][][][][][][][][][][][][][][][][][][] 
 []


Overfull \hbox (2.59416pt too wide) in paragraph at lines 23--24
[][][][][][][][][][][][][][][][][][][][][][][][][][][][][][][][][][] 
 []


Overfull \hbox (23.74413pt too wide) in paragraph at lines 28--29
[][][][][][][][][][][][][][][][][][][][][][][][][][][][] 
 []

)
Overfull \hbox (85.99525pt too wide) in paragraph at lines 632--632
[]  \OT1/cmtt/m/n/12 1) Create 8 new .txt files (e.g., f1.txt, f2.txt, etc.) an
d fill them with random lines.[] 
 []

[18] [19] (./main.aux)
 ***********
LaTeX2e <2023-11-01> patch level 1
L3 programming layer <2024-02-20>
 ***********
Package rerunfilecheck Info: File `main.out' has not changed.
(rerunfilecheck)             Checksum: AB619266CC5A6AAC5A7DDE54E32D8D68;2249.
 ) 
Here is how much of TeX's memory you used:
 11931 strings out of 476076
 174994 string characters out of 5793775
 1969187 words of memory out of 5000000
 33699 multiletter control sequences out of 15000+600000
 566275 words of font info for 66 fonts, out of 8000000 for 9000
 14 hyphenation exceptions out of 8191
 75i,6n,79p,469b,2056s stack positions out of 10000i,1000n,20000p,200000b,200000s
</usr/share/texmf-dist/fonts/type1/public/amsfonts/cm/cmbx12.pfb></usr/share/
texmf-dist/fonts/type1/public/amsfonts/cm/cmex10.pfb></usr/share/texmf-dist/fon
ts/type1/public/amsfonts/cm/cmmi12.pfb></usr/share/texmf-dist/fonts/type1/publi
c/amsfonts/cm/cmmi8.pfb></usr/share/texmf-dist/fonts/type1/public/amsfonts/cm/c
mr12.pfb></usr/share/texmf-dist/fonts/type1/public/amsfonts/cm/cmr17.pfb></usr/
share/texmf-dist/fonts/type1/public/amsfonts/cm/cmr8.pfb></usr/share/texmf-dist
/fonts/type1/public/amsfonts/cm/cmsy10.pfb></usr/share/texmf-dist/fonts/type1/p
ublic/amsfonts/cm/cmti12.pfb></usr/share/texmf-dist/fonts/type1/public/amsfonts
/cm/cmtt12.pfb></usr/share/texmf-dist/fonts/type1/public/cm-super/sfrm1200.pfb>
</usr/share/texmf-dist/fonts/type1/public/cm-super/sfti1200.pfb></usr/share/tex
mf-dist/fonts/type1/public/cm-super/sftt1200.pfb>
Output written on main.pdf (20 pages, 177265 bytes).
PDF statistics:
 395 PDF objects out of 1000 (max. 8388607)
 343 compressed objects within 4 object streams
 184 named destinations out of 1000 (max. 500000)
 65 words of extra memory for PDF output out of 10000 (max. 10000000)

