This is pdfTeX, Version 3.141592653-2.6-1.40.25 (TeX Live 2023) (preloaded format=pdflatex 2024.1.29)  8 FEB 2024 18:32
entering extended mode
 restricted \write18 enabled.
 %&-line parsing enabled.
**homework_1.tex
(./homework_1.tex
LaTeX2e <2022-11-01> patch level 1
L3 programming layer <2023-02-22>
(/usr/share/texlive/texmf-dist/tex/latex/base/article.cls
Document Class: article 2022/07/02 v1.4n Standard LaTeX document class
(/usr/share/texlive/texmf-dist/tex/latex/base/size11.clo
File: size11.clo 2022/07/02 v1.4n Standard LaTeX file (size option)
)
\c@part=\count185
\c@section=\count186
\c@subsection=\count187
\c@subsubsection=\count188
\c@paragraph=\count189
\c@subparagraph=\count190
\c@figure=\count191
\c@table=\count192
\abovecaptionskip=\skip48
\belowcaptionskip=\skip49
\bibindent=\dimen140
)
\c@problem=\count193
\c@solution=\count194

(/usr/share/texlive/texmf-dist/tex/latex/l3backend/l3backend-pdftex.def
File: l3backend-pdftex.def 2023-01-16 L3 backend support: PDF output (pdfTeX)
\l__color_backend_stack_int=\count195
\l__pdf_internal_box=\box51
)
(./homework_1.aux)
\openout1 = `homework_1.aux'.

LaTeX Font Info:    Checking defaults for OML/cmm/m/it on input line 22.
LaTeX Font Info:    ... okay on input line 22.
LaTeX Font Info:    Checking defaults for OMS/cmsy/m/n on input line 22.
LaTeX Font Info:    ... okay on input line 22.
LaTeX Font Info:    Checking defaults for OT1/cmr/m/n on input line 22.
LaTeX Font Info:    ... okay on input line 22.
LaTeX Font Info:    Checking defaults for T1/cmr/m/n on input line 22.
LaTeX Font Info:    ... okay on input line 22.
LaTeX Font Info:    Checking defaults for TS1/cmr/m/n on input line 22.
LaTeX Font Info:    ... okay on input line 22.
LaTeX Font Info:    Checking defaults for OMX/cmex/m/n on input line 22.
LaTeX Font Info:    ... okay on input line 22.
LaTeX Font Info:    Checking defaults for U/cmr/m/n on input line 22.
LaTeX Font Info:    ... okay on input line 22.
LaTeX Font Info:    External font `cmex10' loaded for size
(Font)              <12> on input line 24.
LaTeX Font Info:    External font `cmex10' loaded for size
(Font)              <8> on input line 24.
LaTeX Font Info:    External font `cmex10' loaded for size
(Font)              <6> on input line 24.


LaTeX Warning: No \author given.


Underfull \hbox (badness 10000) in paragraph at lines 25--32

 []

LaTeX Font Info:    External font `cmex10' loaded for size
(Font)              <10.95> on input line 37.

Underfull \hbox (badness 10000) in paragraph at lines 33--49

 []


Underfull \hbox (badness 10000) in paragraph at lines 33--49

 []


Underfull \hbox (badness 10000) in paragraph at lines 33--49

 []


Underfull \hbox (badness 10000) in paragraph at lines 33--49

 []

[1

{/var/lib/texmf/fonts/map/pdftex/updmap/pdftex.map}{/usr/share/texlive/texmf-di
st/fonts/enc/dvips/cm-super/cm-super-ts1.enc}]
Underfull \hbox (badness 10000) in paragraph at lines 51--92

 []


Underfull \hbox (badness 10000) in paragraph at lines 51--92

 []


Underfull \hbox (badness 10000) in paragraph at lines 51--92

 []


Underfull \hbox (badness 10000) in paragraph at lines 51--92

 []


Overfull \hbox (21.9333pt too wide) in paragraph at lines 51--92
[]$
 []


Underfull \hbox (badness 10000) in paragraph at lines 51--92

 []


Overfull \hbox (20.42218pt too wide) in paragraph at lines 51--92
[]$ 
 []


Underfull \hbox (badness 10000) in paragraph at lines 51--92

 []


Overfull \hbox (18.91864pt too wide) in paragraph at lines 51--92
[]$ 
 []


Underfull \hbox (badness 10000) in paragraph at lines 51--92

 []

[2]
Underfull \hbox (badness 10000) in paragraph at lines 93--101

 []


Underfull \hbox (badness 10000) in paragraph at lines 102--174

 []


Underfull \hbox (badness 10000) in paragraph at lines 102--174

 []


Underfull \hbox (badness 10000) in paragraph at lines 102--174

 []


Underfull \hbox (badness 10000) in paragraph at lines 102--174

 []


Underfull \hbox (badness 10000) in paragraph at lines 102--174

 []


Underfull \hbox (badness 10000) in paragraph at lines 102--174

 []


Underfull \hbox (badness 10000) in paragraph at lines 102--174

 []


Underfull \hbox (badness 10000) in paragraph at lines 102--174

 []


Underfull \hbox (badness 10000) in paragraph at lines 102--174

 []


Underfull \hbox (badness 10000) in paragraph at lines 102--174

 []


Underfull \hbox (badness 10000) in paragraph at lines 102--174

 []


Underfull \hbox (badness 10000) in paragraph at lines 102--174

 []

[3] [4] [5] [6] (./homework_1.aux) ) 
Here is how much of TeX's memory you used:
 479 strings out of 476034
 8787 string characters out of 5792864
 1862388 words of memory out of 6000000
 20999 multiletter control sequences out of 15000+600000
 518519 words of font info for 52 fonts, out of 8000000 for 9000
 1137 hyphenation exceptions out of 8191
 33i,6n,38p,536b,198s stack positions out of 10000i,1000n,20000p,200000b,200000s
</usr/share/texlive/texmf-dist/fonts/type1/
public/amsfonts/cm/cmbx10.pfb></usr/share/texlive/texmf-dist/fonts/type1/public
/amsfonts/cm/cmbx12.pfb></usr/share/texlive/texmf-dist/fonts/type1/public/amsfo
nts/cm/cmbx6.pfb></usr/share/texlive/texmf-dist/fonts/type1/public/amsfonts/cm/
cmbx8.pfb></usr/share/texlive/texmf-dist/fonts/type1/public/amsfonts/cm/cmbxti1
0.pfb></usr/share/texlive/texmf-dist/fonts/type1/public/amsfonts/cm/cmmi10.pfb>
</usr/share/texlive/texmf-dist/fonts/type1/public/amsfonts/cm/cmmi8.pfb></usr/s
hare/texlive/texmf-dist/fonts/type1/public/amsfonts/cm/cmr10.pfb></usr/share/te
xlive/texmf-dist/fonts/type1/public/amsfonts/cm/cmr12.pfb></usr/share/texlive/t
exmf-dist/fonts/type1/public/amsfonts/cm/cmr8.pfb></usr/share/texlive/texmf-dis
t/fonts/type1/public/amsfonts/cm/cmsy10.pfb></usr/share/texlive/texmf-dist/font
s/type1/public/amsfonts/cm/cmsy8.pfb></usr/share/texlive/texmf-dist/fonts/type1
/public/cm-super/sfbx1095.pfb></usr/share/texlive/texmf-dist/fonts/type1/public
/cm-super/sfrm1095.pfb>
Output written on homework_1.pdf (6 pages, 155970 bytes).
PDF statistics:
 94 PDF objects out of 1000 (max. 8388607)
 57 compressed objects within 1 object stream
 0 named destinations out of 1000 (max. 500000)
 1 words of extra memory for PDF output out of 10000 (max. 10000000)

