This is pdfTeX, Version 3.141592653-2.6-1.40.25 (TeX Live 2023) (preloaded format=pdflatex 2024.3.18)  3 MAY 2024 21:59
entering extended mode
 restricted \write18 enabled.
 %&-line parsing enabled.
**hw4_2ext.tex
(./hw4_2ext.tex
LaTeX2e <2022-11-01> patch level 1
L3 programming layer <2023-02-22>
(/usr/share/texlive/texmf-dist/tex/latex/base/article.cls
Document Class: article 2022/07/02 v1.4n Standard LaTeX document class
(/usr/share/texlive/texmf-dist/tex/latex/base/size11.clo
File: size11.clo 2022/07/02 v1.4n Standard LaTeX file (size option)
)
\c@part=\count185
\c@section=\count186
\c@subsection=\count187
\c@subsubsection=\count188
\c@paragraph=\count189
\c@subparagraph=\count190
\c@figure=\count191
\c@table=\count192
\abovecaptionskip=\skip48
\belowcaptionskip=\skip49
\bibindent=\dimen140
)
(/usr/share/texlive/texmf-dist/tex/latex/listings/listings.sty
(/usr/share/texlive/texmf-dist/tex/latex/graphics/keyval.sty
Package: keyval 2022/05/29 v1.15 key=value parser (DPC)
\KV@toks@=\toks16
)
\lst@mode=\count193
\lst@gtempboxa=\box51
\lst@token=\toks17
\lst@length=\count194
\lst@currlwidth=\dimen141
\lst@column=\count195
\lst@pos=\count196
\lst@lostspace=\dimen142
\lst@width=\dimen143
\lst@newlines=\count197
\lst@lineno=\count198
\lst@maxwidth=\dimen144

(/usr/share/texlive/texmf-dist/tex/latex/listings/lstmisc.sty
File: lstmisc.sty 2023/02/27 1.9 (Carsten Heinz)
\c@lstnumber=\count199
\lst@skipnumbers=\count266
\lst@framebox=\box52
)
(/usr/share/texlive/texmf-dist/tex/latex/listings/listings.cfg
File: listings.cfg 2023/02/27 1.9 listings configuration
))
Package: listings 2023/02/27 1.9 (Carsten Heinz)

(/usr/share/texlive/texmf-dist/tex/latex/graphics/graphicx.sty
Package: graphicx 2021/09/16 v1.2d Enhanced LaTeX Graphics (DPC,SPQR)

(/usr/share/texlive/texmf-dist/tex/latex/graphics/graphics.sty
Package: graphics 2022/03/10 v1.4e Standard LaTeX Graphics (DPC,SPQR)

(/usr/share/texlive/texmf-dist/tex/latex/graphics/trig.sty
Package: trig 2021/08/11 v1.11 sin cos tan (DPC)
)
(/usr/share/texlive/texmf-dist/tex/latex/graphics-cfg/graphics.cfg
File: graphics.cfg 2016/06/04 v1.11 sample graphics configuration
)
Package graphics Info: Driver file: pdftex.def on input line 107.

(/usr/share/texlive/texmf-dist/tex/latex/graphics-def/pdftex.def
File: pdftex.def 2022/09/22 v1.2b Graphics/color driver for pdftex
))
\Gin@req@height=\dimen145
\Gin@req@width=\dimen146
)
(/usr/share/texlive/texmf-dist/tex/latex/l3backend/l3backend-pdftex.def
File: l3backend-pdftex.def 2023-01-16 L3 backend support: PDF output (pdfTeX)
\l__color_backend_stack_int=\count267
\l__pdf_internal_box=\box53
)
(./hw4_2ext.aux)
\openout1 = `hw4_2ext.aux'.

LaTeX Font Info:    Checking defaults for OML/cmm/m/it on input line 7.
LaTeX Font Info:    ... okay on input line 7.
LaTeX Font Info:    Checking defaults for OMS/cmsy/m/n on input line 7.
LaTeX Font Info:    ... okay on input line 7.
LaTeX Font Info:    Checking defaults for OT1/cmr/m/n on input line 7.
LaTeX Font Info:    ... okay on input line 7.
LaTeX Font Info:    Checking defaults for T1/cmr/m/n on input line 7.
LaTeX Font Info:    ... okay on input line 7.
LaTeX Font Info:    Checking defaults for TS1/cmr/m/n on input line 7.
LaTeX Font Info:    ... okay on input line 7.
LaTeX Font Info:    Checking defaults for OMX/cmex/m/n on input line 7.
LaTeX Font Info:    ... okay on input line 7.
LaTeX Font Info:    Checking defaults for U/cmr/m/n on input line 7.
LaTeX Font Info:    ... okay on input line 7.
\c@lstlisting=\count268

(/usr/share/texlive/texmf-dist/tex/context/base/mkii/supp-pdf.mkii
[Loading MPS to PDF converter (version 2006.09.02).]
\scratchcounter=\count269
\scratchdimen=\dimen147
\scratchbox=\box54
\nofMPsegments=\count270
\nofMParguments=\count271
\everyMPshowfont=\toks18
\MPscratchCnt=\count272
\MPscratchDim=\dimen148
\MPnumerator=\count273
\makeMPintoPDFobject=\count274
\everyMPtoPDFconversion=\toks19
) (/usr/share/texlive/texmf-dist/tex/latex/epstopdf-pkg/epstopdf-base.sty
Package: epstopdf-base 2020-01-24 v2.11 Base part for package epstopdf
Package epstopdf-base Info: Redefining graphics rule for `.eps' on input line 4
85.

(/usr/share/texlive/texmf-dist/tex/latex/latexconfig/epstopdf-sys.cfg
File: epstopdf-sys.cfg 2010/07/13 v1.3 Configuration of (r)epstopdf for TeX Liv
e
))
LaTeX Font Info:    External font `cmex10' loaded for size
(Font)              <12> on input line 9.
LaTeX Font Info:    External font `cmex10' loaded for size
(Font)              <8> on input line 9.
LaTeX Font Info:    External font `cmex10' loaded for size
(Font)              <6> on input line 9.


LaTeX Warning: No \author given.


Underfull \hbox (badness 10000) in paragraph at lines 12--13

 []

[1

{/var/lib/texmf/fonts/map/pdftex/updmap/pdftex.map}]
Overfull \hbox (13.41565pt too wide) in paragraph at lines 23--25
[]\OT1/cmr/m/n/10.95 5-Stage with For-ward-ing, Pre-dict Taken vs. 5-Stage Non-
Forwarding: Speedup:
 []

[2]
Overfull \hbox (18.89066pt too wide) in paragraph at lines 35--37
[]\OT1/cmr/m/n/10.95 10-Stage with For-ward-ing, Pre-dict Taken vs. 5-Stage Non
-Forwarding: Speedup:
 []


Overfull \hbox (13.21297pt too wide) in paragraph at lines 41--43
\OT1/cmr/m/n/10.95 dict Not Taken: Speedup: 30 (5-stage, not taken)/60 (10-stag
e, taken)=0.57752
 []

<screenshot001.png, id=12, 713.66624pt x 400.49625pt>
File: screenshot001.png Graphic file (type png)
<use screenshot001.png>
Package pdftex.def Info: screenshot001.png  used on input line 48.
(pdftex.def)             Requested size: 251.9989pt x 141.41634pt.
<screenshot002.png, id=13, 1829.33438pt x 707.64375pt>
File: screenshot002.png Graphic file (type png)
<use screenshot002.png>
Package pdftex.def Info: screenshot002.png  used on input line 54.
(pdftex.def)             Requested size: 251.9989pt x 97.47137pt.

Underfull \hbox (badness 10000) in paragraph at lines 60--63

 []

[3 <./screenshot001.png (PNG copy)>] [4{/usr/share/texlive/texmf-dist/fonts/enc
/dvips/cm-super/cm-super-ts1.enc} <./screenshot002.png (PNG copy)>]
(./hw4_2ext.aux) ) 
Here is how much of TeX's memory you used:
 2695 strings out of 476034
 41743 string characters out of 5792864
 1857388 words of memory out of 6000000
 23172 multiletter control sequences out of 15000+600000
 517494 words of font info for 49 fonts, out of 8000000 for 9000
 1137 hyphenation exceptions out of 8191
 57i,7n,62p,2865b,262s stack positions out of 10000i,1000n,20000p,200000b,200000s
</usr/share/texlive/texmf-dist/fonts/type1/public/amsfonts/cm
/cmbx10.pfb></usr/share/texlive/texmf-dist/fonts/type1/public/amsfonts/cm/cmbx1
2.pfb></usr/share/texlive/texmf-dist/fonts/type1/public/amsfonts/cm/cmr10.pfb><
/usr/share/texlive/texmf-dist/fonts/type1/public/amsfonts/cm/cmr12.pfb></usr/sh
are/texlive/texmf-dist/fonts/type1/public/cm-super/sfbx1095.pfb>
Output written on hw4_2ext.pdf (4 pages, 318240 bytes).
PDF statistics:
 45 PDF objects out of 1000 (max. 8388607)
 26 compressed objects within 1 object stream
 0 named destinations out of 1000 (max. 500000)
 11 words of extra memory for PDF output out of 10000 (max. 10000000)

